Using pre-set license
Built from '2020.3/staging' branch; Version is '2020.3.20f1 (41c4e627c95f) revision 4310246'; Using compiler version '192528614'; Build Type 'Release'
OS: 'Windows 10 Home; OS build 19042.1237; Version 2009; 64bit' Language: 'en' Physical Memory: 16230 MB
BatchMode: 1, IsHumanControllingUs: 0, StartBugReporterOnCrash: 0, Is64bit: 1, IsPro: 0

COMMAND LINE ARGUMENTS:
C:\Program Files\Unity\Hub\Editor\2020.3.20f1\Editor\Unity.exe
-adb2
-batchMode
-noUpm
-name
AssetImportWorker0
-projectPath
D:/Beuth-VR-Cybertheater
-logFile
Logs/AssetImportWorker0.log
-srvPort
61699
Successfully changed project path to: D:/Beuth-VR-Cybertheater
D:/Beuth-VR-Cybertheater
Using Asset Import Pipeline V2.
Refreshing native plugins compatible for Editor in 96.59 ms, found 11 plugins.
Preloading 2 native plugins for Editor in 1.84 ms.
Initialize engine version: 2020.3.20f1 (41c4e627c95f)
[Subsystems] Discovering subsystems at path C:/Program Files/Unity/Hub/Editor/2020.3.20f1/Editor/Data/Resources/UnitySubsystems
[Subsystems] Discovering subsystems at path D:/Beuth-VR-Cybertheater/Assets
GfxDevice: creating device client; threaded=0
Direct3D:
    Version:  Direct3D 11.0 [level 11.1]
    Renderer: NVIDIA GeForce GTX 1070 (ID=0x1ba1)
    Vendor:   
    VRAM:     8081 MB
    Driver:   26.21.14.4587
Initialize mono
Mono path[0] = 'C:/Program Files/Unity/Hub/Editor/2020.3.20f1/Editor/Data/Managed'
Mono path[1] = 'C:/Program Files/Unity/Hub/Editor/2020.3.20f1/Editor/Data/MonoBleedingEdge/lib/mono/unityjit'
Mono config path = 'C:/Program Files/Unity/Hub/Editor/2020.3.20f1/Editor/Data/MonoBleedingEdge/etc'
Using monoOptions --debugger-agent=transport=dt_socket,embedding=1,server=y,suspend=n,address=127.0.0.1:56204
Begin MonoManager ReloadAssembly
Registering precompiled unity dll's ...
Register platform support module: C:/Program Files/Unity/Hub/Editor/2020.3.20f1/Editor/Data/PlaybackEngines/WindowsStandaloneSupport/UnityEditor.WindowsStandalone.Extensions.dll
Registered in 0.002316 seconds.
Native extension for WindowsStandalone target not found
Refreshing native plugins compatible for Editor in 78.34 ms, found 11 plugins.
Preloading 2 native plugins for Editor in 0.08 ms.
Mono: successfully reloaded assembly
- Completed reload, in  1.288 seconds
Domain Reload Profiling:
	ReloadAssembly (1288ms)
		BeginReloadAssembly (71ms)
			ExecutionOrderSort (0ms)
			DisableScriptedObjects (0ms)
			BackupInstance (0ms)
			ReleaseScriptingObjects (0ms)
			CreateAndSetChildDomain (1ms)
		EndReloadAssembly (480ms)
			LoadAssemblies (67ms)
			RebuildTransferFunctionScriptingTraits (0ms)
			SetupTypeCache (156ms)
			ReleaseScriptCaches (0ms)
			RebuildScriptCaches (29ms)
			SetupLoadedEditorAssemblies (194ms)
				LogAssemblyErrors (0ms)
				InitializePlatformSupportModulesInManaged (4ms)
				SetLoadedEditorAssemblies (0ms)
				RefreshPlugins (78ms)
				BeforeProcessingInitializeOnLoad (15ms)
				ProcessInitializeOnLoadAttributes (72ms)
				ProcessInitializeOnLoadMethodAttributes (25ms)
				AfterProcessingInitializeOnLoad (0ms)
				EditorAssembliesLoaded (0ms)
			ExecutionOrderSort2 (0ms)
			AwakeInstancesAfterBackupRestoration (0ms)
Platform modules already initialized, skipping
Registering precompiled user dll's ...
Registered in 0.006305 seconds.
Begin MonoManager ReloadAssembly
Native extension for WindowsStandalone target not found
Refreshing native plugins compatible for Editor in 110.39 ms, found 11 plugins.
Preloading 2 native plugins for Editor in 0.09 ms.
[XR] OculusXRPlugin: registering subsystems
[XR] Unable to register display lifecyle provider: [1]
[XR] Oculus Input lifecycle provider registered.
[XR] Unable to register input lifecyle provider: [1]
System.Reflection.TargetInvocationException: Exception has been thrown by the target of an invocation. ---> System.NullReferenceException: Object reference not set to an instance of an object
  at Unity.XR.Oculus.OculusLoader.AssetPathToAbsolutePath (System.String assetPath) [0x00048] in D:\Beuth-VR-Cybertheater\Library\PackageCache\com.unity.xr.oculus@1.10.0\Runtime\OculusLoader.cs:250 
  at Unity.XR.Oculus.OculusLoader.EditorLoadOVRPlugin () [0x0007b] in D:\Beuth-VR-Cybertheater\Library\PackageCache\com.unity.xr.oculus@1.10.0\Runtime\OculusLoader.cs:235 
  at (wrapper managed-to-native) System.Reflection.MonoMethod.InternalInvoke(System.Reflection.MonoMethod,object,object[],System.Exception&)
  at System.Reflection.MonoMethod.Invoke (System.Object obj, System.Reflection.BindingFlags invokeAttr, System.Reflection.Binder binder, System.Object[] parameters, System.Globalization.CultureInfo culture) [0x00032] in <695d1cc93cca45069c528c15c9fdd749>:0 
   --- End of inner exception stack trace ---
  at System.Reflection.MonoMethod.Invoke (System.Object obj, System.Reflection.BindingFlags invokeAttr, System.Reflection.Binder binder, System.Object[] parameters, System.Globalization.CultureInfo culture) [0x00048] in <695d1cc93cca45069c528c15c9fdd749>:0 
  at System.Reflection.MethodBase.Invoke (System.Object obj, System.Object[] parameters) [0x00000] in <695d1cc93cca45069c528c15c9fdd749>:0 
  at UnityEditor.EditorAssemblies.ProcessInitializeOnLoadMethodAttributes () [0x00047] in <83a38f5397d94e36a22efa3369c82390>:0 
UnityEngine.StackTraceUtility:ExtractStackTrace ()
UnityEngine.DebugLogHandler:LogFormat (UnityEngine.LogType,UnityEngine.Object,string,object[])
UnityEngine.Logger:Log (UnityEngine.LogType,object)
UnityEngine.Debug:LogError (object)
UnityEditor.EditorAssemblies:ProcessInitializeOnLoadMethodAttributes ()

Mono: successfully reloaded assembly
- Completed reload, in  1.537 seconds
Domain Reload Profiling:
	ReloadAssembly (1538ms)
		BeginReloadAssembly (168ms)
			ExecutionOrderSort (0ms)
			DisableScriptedObjects (9ms)
			BackupInstance (0ms)
			ReleaseScriptingObjects (0ms)
			CreateAndSetChildDomain (21ms)
		EndReloadAssembly (1293ms)
			LoadAssemblies (114ms)
			RebuildTransferFunctionScriptingTraits (0ms)
			SetupTypeCache (411ms)
			ReleaseScriptCaches (1ms)
			RebuildScriptCaches (57ms)
			SetupLoadedEditorAssemblies (555ms)
				LogAssemblyErrors (0ms)
				InitializePlatformSupportModulesInManaged (4ms)
				SetLoadedEditorAssemblies (0ms)
				RefreshPlugins (111ms)
				BeforeProcessingInitializeOnLoad (116ms)
				ProcessInitializeOnLoadAttributes (290ms)
				ProcessInitializeOnLoadMethodAttributes (26ms)
				AfterProcessingInitializeOnLoad (8ms)
				EditorAssembliesLoaded (0ms)
			ExecutionOrderSort2 (0ms)
			AwakeInstancesAfterBackupRestoration (6ms)
Platform modules already initialized, skipping
========================================================================
Worker process is ready to serve import requests
Launched and connected shader compiler UnityShaderCompiler.exe after 0.10 seconds
Refreshing native plugins compatible for Editor in 2.68 ms, found 11 plugins.
Preloading 2 native plugins for Editor in 0.12 ms.
Unloading 3388 Unused Serialized files (Serialized files now loaded: 0)
System memory in use before: 150.0 MB.
System memory in use after: 150.2 MB.

Unloading 53 unused Assets to reduce memory usage. Loaded Objects now: 3807.
Total: 6.523200 ms (FindLiveObjects: 0.321000 ms CreateObjectMapping: 0.193900 ms MarkObjects: 5.800000 ms  DeleteObjects: 0.205900 ms)

AssetImportParameters requested are different than current active one (requested -> active):
  custom:framework-win-MediaFoundation: 216162199b28c13a410421893ffa2e32 -> 
  custom:video-decoder-ogg-theora: a1e56fd34408186e4bbccfd4996cb3dc -> 
  custom:container-muxer-webm: aa71ff27fc2769a1b78a27578f13a17b -> 
  custom:container-demuxer-webm: 4f35f7cbe854078d1ac9338744f61a02 -> 
  custom:container-demuxer-ogg: 62fdf1f143b41e24485cea50d1cbac27 -> 
  custom:video-encoder-webm-vp8: eb34c28f22e8b96e1ab97ce403110664 -> 
  custom:video-codec-MediaFoundation-h265: e54d7ab0439102e2317fc1e4b246158d -> 
  custom:video-decoder-webm-vp8: 9c59270c3fd7afecdb556c50c9e8de78 -> 
  custom:audio-decoder-ogg-vorbis: bf7c407c2cedff20999df2af8eb42d56 -> 
  custom:audio-encoder-webm-vorbis: bf7c407c2cedff20999df2af8eb42d56 -> 
========================================================================
Received Import Request.
  path: Assets/NewLayer 4.terrainlayer
  artifactKey: Guid(c4e916aa9d842624dac90d54fa201f40) Importer(815301076,1909f56bfc062723c751e8b465ee728b)
Start importing Assets/NewLayer 4.terrainlayer using Guid(c4e916aa9d842624dac90d54fa201f40) Importer(815301076,1909f56bfc062723c751e8b465ee728b)  -> (artifact id: '18dcd3a3bd9c0855aad882d665745e03') in 0.099163 seconds 
  Import took 0.107082 seconds .

========================================================================
Received Import Request.
  Time since last request: 0.000242 seconds.
  path: Assets/New Terrain Material.mat
  artifactKey: Guid(990d3303a011f0740892203d2a08b1b4) Importer(815301076,1909f56bfc062723c751e8b465ee728b)
Start importing Assets/New Terrain Material.mat using Guid(990d3303a011f0740892203d2a08b1b4) Importer(815301076,1909f56bfc062723c751e8b465ee728b)  -> (artifact id: 'f0142c38edd34cf048e098c74c1ab563') in 1.031702 seconds 
  Import took 1.038969 seconds .

========================================================================
Received Import Request.
  Time since last request: 0.000214 seconds.
  path: Assets/InputSystem.inputsettings.asset
  artifactKey: Guid(c73b900e4bace6d4db2eee9dbcce6484) Importer(815301076,1909f56bfc062723c751e8b465ee728b)
Start importing Assets/InputSystem.inputsettings.asset using Guid(c73b900e4bace6d4db2eee9dbcce6484) Importer(815301076,1909f56bfc062723c751e8b465ee728b)  -> (artifact id: 'fbe87c6f7d9b63e6489fc45d114766b2') in 0.032635 seconds 
  Import took 0.040107 seconds .

========================================================================
Received Import Request.
  Time since last request: 0.000226 seconds.
  path: Assets/XR_UniversalRenderPipelineAsset_Renderer.asset
  artifactKey: Guid(73784d4e7f2839a46b7d48dd835aeafd) Importer(815301076,1909f56bfc062723c751e8b465ee728b)
Start importing Assets/XR_UniversalRenderPipelineAsset_Renderer.asset using Guid(73784d4e7f2839a46b7d48dd835aeafd) Importer(815301076,1909f56bfc062723c751e8b465ee728b)  -> (artifact id: 'd794331b619d1de2feb86820715145de') in 0.008027 seconds 
  Import took 0.015449 seconds .

========================================================================
Received Import Request.
  Time since last request: 0.000221 seconds.
  path: Assets/TerrainData_f41b991e-35a6-4318-8903-84436da3e963.asset
  artifactKey: Guid(3ba5a90ac21c5a6438c1207d4be26ac3) Importer(815301076,1909f56bfc062723c751e8b465ee728b)
Start importing Assets/TerrainData_f41b991e-35a6-4318-8903-84436da3e963.asset using Guid(3ba5a90ac21c5a6438c1207d4be26ac3) Importer(815301076,1909f56bfc062723c751e8b465ee728b)  -> (artifact id: 'cf1e42175bf36501f3011acf47494c2e') in 0.024462 seconds 
  Import took 0.033412 seconds .

========================================================================
Received Import Request.
  Time since last request: 0.000266 seconds.
  path: Assets/New Terrain.asset
  artifactKey: Guid(3c08dc1c3677aaa4c85e37e5b7f00f8a) Importer(815301076,1909f56bfc062723c751e8b465ee728b)
Start importing Assets/New Terrain.asset using Guid(3c08dc1c3677aaa4c85e37e5b7f00f8a) Importer(815301076,1909f56bfc062723c751e8b465ee728b)  -> (artifact id: 'e226e0eb38867657c8ae9e8ba1ab4dad') in 0.090754 seconds 
  Import took 0.098424 seconds .

========================================================================
Received Import Request.
  Time since last request: 0.000208 seconds.
  path: Assets/TerrainData_50ea5838-1435-4efd-b24f-4883fbe35632.asset
  artifactKey: Guid(12eaeeb44ac6f014ebf4a4e23ce19677) Importer(815301076,1909f56bfc062723c751e8b465ee728b)
Start importing Assets/TerrainData_50ea5838-1435-4efd-b24f-4883fbe35632.asset using Guid(12eaeeb44ac6f014ebf4a4e23ce19677) Importer(815301076,1909f56bfc062723c751e8b465ee728b)  -> (artifact id: 'bd380aa30645d7d20a76c95268aff890') in 0.018195 seconds 
  Import took 0.030108 seconds .

========================================================================
Received Import Request.
  Time since last request: 0.000786 seconds.
  path: Assets/NewLayer.terrainlayer
  artifactKey: Guid(8c7aac88bb24e4a498fffba774fbd874) Importer(815301076,1909f56bfc062723c751e8b465ee728b)
Start importing Assets/NewLayer.terrainlayer using Guid(8c7aac88bb24e4a498fffba774fbd874) Importer(815301076,1909f56bfc062723c751e8b465ee728b)  -> (artifact id: '01c04b15102825f9cb345f704b698650') in 0.017222 seconds 
  Import took 0.032270 seconds .

========================================================================
Received Import Request.
  Time since last request: 0.000392 seconds.
  path: Assets/TerrainData_28407eee-b876-4f7d-958b-996e6d19c642.asset
  artifactKey: Guid(fd2a5890f2bdc774dad1918eb9ae4452) Importer(815301076,1909f56bfc062723c751e8b465ee728b)
Start importing Assets/TerrainData_28407eee-b876-4f7d-958b-996e6d19c642.asset using Guid(fd2a5890f2bdc774dad1918eb9ae4452) Importer(815301076,1909f56bfc062723c751e8b465ee728b)  -> (artifact id: 'cec65dc2a82372e7ef67ed34db5e089d') in 0.018406 seconds 
  Import took 0.030273 seconds .

========================================================================
Received Import Request.
  Time since last request: 0.000261 seconds.
  path: Assets/XR_UniversalRenderPipelineAsset.asset
  artifactKey: Guid(1e7d5d04ae750c7448e387f3e1aa2342) Importer(815301076,1909f56bfc062723c751e8b465ee728b)
Start importing Assets/XR_UniversalRenderPipelineAsset.asset using Guid(1e7d5d04ae750c7448e387f3e1aa2342) Importer(815301076,1909f56bfc062723c751e8b465ee728b)  -> (artifact id: 'd368df8eb61d5b6761bbe3608ad73167') in 0.013342 seconds 
  Import took 0.026028 seconds .

========================================================================
Received Import Request.
  Time since last request: 253.891176 seconds.
  path: Assets/First person controller/First person controller full.prefab
  artifactKey: Guid(11aaea5348574644a9eb4f4504fcce3f) Importer(815301076,1909f56bfc062723c751e8b465ee728b)
Start importing Assets/First person controller/First person controller full.prefab using Guid(11aaea5348574644a9eb4f4504fcce3f) Importer(815301076,1909f56bfc062723c751e8b465ee728b)  -> (artifact id: '7b1913efdbedee788f94febf2bda94c5') in 0.050082 seconds 
  Import took 0.062417 seconds .

========================================================================
Received Import Request.
  Time since last request: 0.000322 seconds.
  path: Assets/First person controller/First person controller.prefab
  artifactKey: Guid(f2e0b7ae4dae8cf44955bccd3512b213) Importer(815301076,1909f56bfc062723c751e8b465ee728b)
Start importing Assets/First person controller/First person controller.prefab using Guid(f2e0b7ae4dae8cf44955bccd3512b213) Importer(815301076,1909f56bfc062723c751e8b465ee728b)  -> (artifact id: '74746532684858d1caa76df906a761af') in 0.033340 seconds 
  Import took 0.042942 seconds .

========================================================================
Received Import Request.
  Time since last request: 1.027960 seconds.
  path: Assets/Forklift/Forklift.prefab
  artifactKey: Guid(e655f3e9a2337db428013f9166de8906) Importer(815301076,1909f56bfc062723c751e8b465ee728b)
Start importing Assets/Forklift/Forklift.prefab using Guid(e655f3e9a2337db428013f9166de8906) Importer(815301076,1909f56bfc062723c751e8b465ee728b)  -> (artifact id: '10e2f93cb2fcbf8381ec04b3034e3800') in 0.866842 seconds 
  Import took 0.878123 seconds .

========================================================================
Received Import Request.
  Time since last request: 2.588836 seconds.
  path: Assets/Forklift/Material
  artifactKey: Guid(0e4006629f6c79547a2762b18c8a2d04) Importer(815301076,1909f56bfc062723c751e8b465ee728b)
Start importing Assets/Forklift/Material using Guid(0e4006629f6c79547a2762b18c8a2d04) Importer(815301076,1909f56bfc062723c751e8b465ee728b)  -> (artifact id: '28048ef57ec0cbcadf09cc2bd083d4c6') in 0.013846 seconds 
  Import took 0.032125 seconds .

========================================================================
Received Import Request.
  Time since last request: 0.609248 seconds.
  path: Assets/Forklift/Model
  artifactKey: Guid(9f4b9f7c9bd2b894bb91492a51fffd95) Importer(815301076,1909f56bfc062723c751e8b465ee728b)
Start importing Assets/Forklift/Model using Guid(9f4b9f7c9bd2b894bb91492a51fffd95) Importer(815301076,1909f56bfc062723c751e8b465ee728b)  -> (artifact id: 'fcd97e7de5fb1da9d33d968334bec890') in 0.017508 seconds 
  Import took 0.034735 seconds .

========================================================================
Received Import Request.
  Time since last request: 0.124792 seconds.
  path: Assets/Forklift/Model/Forklift.obj
  artifactKey: Guid(5c636ad013889f74593ac396fce71eb6) Importer(815301076,1909f56bfc062723c751e8b465ee728b)
Start importing Assets/Forklift/Model/Forklift.obj using Guid(5c636ad013889f74593ac396fce71eb6) Importer(815301076,1909f56bfc062723c751e8b465ee728b)  -> (artifact id: 'bad211b70ad1278982867d5cca589011') in 1.458939 seconds 
  Import took 1.477788 seconds .

========================================================================
Received Import Request.
  Time since last request: 23.524761 seconds.
  path: Assets/Materials/Asphalt.terrainlayer
  artifactKey: Guid(fcd10bbc3567a2a4691630ec6ad63fd6) Importer(815301076,1909f56bfc062723c751e8b465ee728b)
Start importing Assets/Materials/Asphalt.terrainlayer using Guid(fcd10bbc3567a2a4691630ec6ad63fd6) Importer(815301076,1909f56bfc062723c751e8b465ee728b)  -> (artifact id: '3aa0785c306f4525d6cf2aaa4207bc12') in 0.026757 seconds 
  Import took 0.037673 seconds .

========================================================================
Received Import Request.
  Time since last request: 0.000320 seconds.
  path: Assets/Materials/bestaetigt.mat
  artifactKey: Guid(d67bb506db250514c8eca94c07036c72) Importer(815301076,1909f56bfc062723c751e8b465ee728b)
Start importing Assets/Materials/bestaetigt.mat using Guid(d67bb506db250514c8eca94c07036c72) Importer(815301076,1909f56bfc062723c751e8b465ee728b)  -> (artifact id: '7497e9423509044f79a3a3f07b798bab') in 0.030681 seconds 
  Import took 0.054071 seconds .

========================================================================
Received Import Request.
  Time since last request: 0.000387 seconds.
  path: Assets/Materials/Grau.mat
  artifactKey: Guid(feef22257fc2e67408e67507b730346e) Importer(815301076,1909f56bfc062723c751e8b465ee728b)
Start importing Assets/Materials/Grau.mat using Guid(feef22257fc2e67408e67507b730346e) Importer(815301076,1909f56bfc062723c751e8b465ee728b)  -> (artifact id: '1b22efb0730e4ecd370a2b6b7afb84d2') in 0.029786 seconds 
  Import took 0.044077 seconds .

========================================================================
Received Import Request.
  Time since last request: 0.000544 seconds.
  path: Assets/Materials/haekchen.png
  artifactKey: Guid(81fbce779dd667442a52311f3df68e38) Importer(815301076,1909f56bfc062723c751e8b465ee728b)
Start importing Assets/Materials/haekchen.png using Guid(81fbce779dd667442a52311f3df68e38) Importer(815301076,1909f56bfc062723c751e8b465ee728b)  -> (artifact id: '5fbaa5eaacc7317b25f5cb0533a87288') in 0.085472 seconds 
  Import took 0.101364 seconds .

========================================================================
Received Import Request.
  Time since last request: 0.000363 seconds.
  path: Assets/Materials/photo_2021-06-24_16-20-14.jpg
  artifactKey: Guid(56fa084998b7d0848971d98d7543d10f) Importer(815301076,1909f56bfc062723c751e8b465ee728b)
Start importing Assets/Materials/photo_2021-06-24_16-20-14.jpg using Guid(56fa084998b7d0848971d98d7543d10f) Importer(815301076,1909f56bfc062723c751e8b465ee728b)  -> (artifact id: 'ab161b61179b89dc827ce6a595153f65') in 0.032564 seconds 
  Import took 0.045119 seconds .

========================================================================
Received Import Request.
  Time since last request: 0.000402 seconds.
  path: Assets/Materials/CYBERTHEATER 3.png
  artifactKey: Guid(5c7a70c3f0a6f4ae795974476534c3cf) Importer(815301076,1909f56bfc062723c751e8b465ee728b)
Start importing Assets/Materials/CYBERTHEATER 3.png using Guid(5c7a70c3f0a6f4ae795974476534c3cf) Importer(815301076,1909f56bfc062723c751e8b465ee728b)  -> (artifact id: 'edb53ab97cf1229936dc615b35b6c2af') in 0.061406 seconds 
  Import took 0.074853 seconds .

========================================================================
Received Import Request.
  Time since last request: 0.000359 seconds.
  path: Assets/Materials/grün.mat
  artifactKey: Guid(448b8759da9fddd4dafcee2a47000111) Importer(815301076,1909f56bfc062723c751e8b465ee728b)
Start importing Assets/Materials/grün.mat using Guid(448b8759da9fddd4dafcee2a47000111) Importer(815301076,1909f56bfc062723c751e8b465ee728b)  -> (artifact id: '5d5c9ffa3592b7b7164f327230de1045') in 0.039573 seconds 
  Import took 0.064333 seconds .

========================================================================
Received Import Request.
  Time since last request: 0.000358 seconds.
  path: Assets/Materials/photo_2021-06-24_16-21-41 (2).jpg
  artifactKey: Guid(19f417e5bbce8d847884bd5681e7ca74) Importer(815301076,1909f56bfc062723c751e8b465ee728b)
Start importing Assets/Materials/photo_2021-06-24_16-21-41 (2).jpg using Guid(19f417e5bbce8d847884bd5681e7ca74) Importer(815301076,1909f56bfc062723c751e8b465ee728b)  -> (artifact id: '3b0c61ccb37474fa3de490cf37595493') in 0.033492 seconds 
  Import took 0.051334 seconds .

========================================================================
Received Import Request.
  Time since last request: 0.000516 seconds.
  path: Assets/Materials/Schaufenster start.mat
  artifactKey: Guid(f8197120248e4974aadfce8246576be1) Importer(815301076,1909f56bfc062723c751e8b465ee728b)
Start importing Assets/Materials/Schaufenster start.mat using Guid(f8197120248e4974aadfce8246576be1) Importer(815301076,1909f56bfc062723c751e8b465ee728b)  -> (artifact id: 'e7ed6d66fc38d1d6a58e5daef569d10d') in 0.789831 seconds 
  Import took 0.809887 seconds .

========================================================================
Received Import Request.
  Time since last request: 0.000486 seconds.
  path: Assets/Materials/Ladeliste.png
  artifactKey: Guid(ea76a63de03c6244a85c38ef80c01cda) Importer(815301076,1909f56bfc062723c751e8b465ee728b)
Start importing Assets/Materials/Ladeliste.png using Guid(ea76a63de03c6244a85c38ef80c01cda) Importer(815301076,1909f56bfc062723c751e8b465ee728b)  -> (artifact id: 'b2d09923e16a267de07c1b9969c25fd0') in 0.030128 seconds 
  Import took 0.043634 seconds .

========================================================================
Received Import Request.
  Time since last request: 0.000481 seconds.
  path: Assets/Materials/Blau.mat
  artifactKey: Guid(023399a38c1e9764787fe1e6138fef45) Importer(815301076,1909f56bfc062723c751e8b465ee728b)
Start importing Assets/Materials/Blau.mat using Guid(023399a38c1e9764787fe1e6138fef45) Importer(815301076,1909f56bfc062723c751e8b465ee728b)  -> (artifact id: '2200ddf8e25c16bcacaa81d5f148e1ee') in 0.054712 seconds 
  Import took 0.067311 seconds .

========================================================================
Received Import Request.
  Time since last request: 0.000439 seconds.
  path: Assets/Materials/Liste.mat
  artifactKey: Guid(fa10ab0aebf75c4409f88d4219ea6001) Importer(815301076,1909f56bfc062723c751e8b465ee728b)
Start importing Assets/Materials/Liste.mat using Guid(fa10ab0aebf75c4409f88d4219ea6001) Importer(815301076,1909f56bfc062723c751e8b465ee728b)  -> (artifact id: '77caf78402285f61c4cd689339c6247f') in 0.034237 seconds 
  Import took 0.058683 seconds .

========================================================================
Received Import Request.
  Time since last request: 0.000508 seconds.
  path: Assets/Materials/schaufenster lvl1.mat
  artifactKey: Guid(12358f220b940d04b98513900475af1a) Importer(815301076,1909f56bfc062723c751e8b465ee728b)
Start importing Assets/Materials/schaufenster lvl1.mat using Guid(12358f220b940d04b98513900475af1a) Importer(815301076,1909f56bfc062723c751e8b465ee728b)  -> (artifact id: '7e04382f2c8e278437c22bc442672091') in 0.036252 seconds 
  Import took 0.052185 seconds .

========================================================================
Received Import Request.
  Time since last request: 0.000347 seconds.
  path: Assets/Materials/photo_2021-06-10_16-11-48.jpg
  artifactKey: Guid(45c381f5087ceb54586a7ab0ed18f078) Importer(815301076,1909f56bfc062723c751e8b465ee728b)
Start importing Assets/Materials/photo_2021-06-10_16-11-48.jpg using Guid(45c381f5087ceb54586a7ab0ed18f078) Importer(815301076,1909f56bfc062723c751e8b465ee728b)  -> (artifact id: 'caf44a3936954e41f98d15c11d9be7e0') in 0.040279 seconds 
  Import took 0.051902 seconds .

========================================================================
Received Import Request.
  Time since last request: 0.000472 seconds.
  path: Assets/Materials/Red.mat
  artifactKey: Guid(de4d791dbf9e3e14ca6ecbd1769a4492) Importer(815301076,1909f56bfc062723c751e8b465ee728b)
Start importing Assets/Materials/Red.mat using Guid(de4d791dbf9e3e14ca6ecbd1769a4492) Importer(815301076,1909f56bfc062723c751e8b465ee728b)  -> (artifact id: '2f602d60543093ba5d4a83264a83d2f5') in 0.032431 seconds 
  Import took 0.053129 seconds .

========================================================================
Received Import Request.
  Time since last request: 0.000335 seconds.
  path: Assets/Materials/schaufenster lvl2.mat
  artifactKey: Guid(31deb2700f5d50a41ace912f219467b1) Importer(815301076,1909f56bfc062723c751e8b465ee728b)
Start importing Assets/Materials/schaufenster lvl2.mat using Guid(31deb2700f5d50a41ace912f219467b1) Importer(815301076,1909f56bfc062723c751e8b465ee728b)  -> (artifact id: 'beaadfa8578d29d7b93f878daf285334') in 0.035677 seconds 
  Import took 0.052012 seconds .

========================================================================
Received Import Request.
  Time since last request: 0.001646 seconds.
  path: Assets/Materials/CYBERTHEATER 2.png
  artifactKey: Guid(dc49002ec44264d20af18446af85189c) Importer(815301076,1909f56bfc062723c751e8b465ee728b)
Start importing Assets/Materials/CYBERTHEATER 2.png using Guid(dc49002ec44264d20af18446af85189c) Importer(815301076,1909f56bfc062723c751e8b465ee728b)  -> (artifact id: '5e6352d8dba7d0e5366079da4c48b9b7') in 0.035841 seconds 
  Import took 0.054912 seconds .

========================================================================
Received Import Request.
  Time since last request: 0.000298 seconds.
  path: Assets/Materials/photo_2021-06-24_16-21-41.jpg
  artifactKey: Guid(233d87b07cfe62a4488d4ffefb005ccd) Importer(815301076,1909f56bfc062723c751e8b465ee728b)
Start importing Assets/Materials/photo_2021-06-24_16-21-41.jpg using Guid(233d87b07cfe62a4488d4ffefb005ccd) Importer(815301076,1909f56bfc062723c751e8b465ee728b)  -> (artifact id: '9cf1358cf09d7d213feec6c4c3cbf210') in 0.034378 seconds 
  Import took 0.052781 seconds .

========================================================================
Received Import Request.
  Time since last request: 0.000759 seconds.
  path: Assets/Materials/CYBERTHEATER 1.png
  artifactKey: Guid(8425ae161ee9d404ab49b2a68ab25ed9) Importer(815301076,1909f56bfc062723c751e8b465ee728b)
Start importing Assets/Materials/CYBERTHEATER 1.png using Guid(8425ae161ee9d404ab49b2a68ab25ed9) Importer(815301076,1909f56bfc062723c751e8b465ee728b)  -> (artifact id: '1d66e0771455acad9c5f30edafa5d4a6') in 0.027881 seconds 
  Import took 0.046333 seconds .

========================================================================
Received Import Request.
  Time since last request: 0.000287 seconds.
  path: Assets/Materials/gelb.mat
  artifactKey: Guid(54c36ba7494446e448618eec4f1f67b8) Importer(815301076,1909f56bfc062723c751e8b465ee728b)
Start importing Assets/Materials/gelb.mat using Guid(54c36ba7494446e448618eec4f1f67b8) Importer(815301076,1909f56bfc062723c751e8b465ee728b)  -> (artifact id: '3421b50ddb3f51a7346f7a037162522a') in 0.040957 seconds 
  Import took 0.058782 seconds .

AssetImportWorkerClient::OnTransportError - code=2 error=End of file
